1712932971168:vi
1712932978226:add
1712933051997:add qweq eqweqw 11
1712933056036:vi
1712933132304:asdasd asdasd 321
1712933140388:add dasda dasda 123
1712933143404:vi
1712933187642:asda adsasd 123
1712933194694:add dasd dasd 123
1712933197701:vi
1712933678394:add dasd adas 13
1712933681414:vi
1712933706806:add asda adsda 123
1712933709830:vi
1712933785467:add asda adas 31
1712933787475:vi
1712934796237:add adad adsd 211
1712934799273:vi
1712954122286:add konatantin nemudrov 32
1712955110731:add konstatntin nemudrov 32
1712955120853:remove 996
1712955129942:remove 31
1712955471281:add konstantin nemudrov 32
1712955479366:getlist
1712955484415:getList
1712955517738:vi
1712955592647:add konstantin nemudrov 32
1712955598721:vi
1712955603784:remove
1712955614885:clear
1712955630043:vi
1712955748652:add konstantin nemudrov 32
1712955753701:vi
1712955778971:julia erofeeva 32
1712955790093:add julia erofeeva
1712955805203:vi
1712955819367:add julia erofeeva 32
1712955824426:vi
1712956081518:add dd ddd 32
1712956088577:add ff ff 22
1712956091601:vi
1712956221181:add qqq qq 11
1712956235314:add xx cc 33
1712956239348:vi
1712956322717:add ddd ddd 11
1712956328770:add zz zz 22
1712956331790:vi
1712956360088:clear
1712956367160:vi
1712956432634:add qqq qqq 22
1712956438702:add zzz zz 11
1712956441740:vi
1712956450839:clear
1712956455896:vi
1712956630139:add dd dd 32
1712956638213:add zz zz 22
1712956641235:vi
1712956662458:clear
1712956669526:vi
1712956678625:clear
1712956719534:add aa zz 22
1712956726606:add zzz zz 11
1712956730641:clear
1712956738713:vi
1712956742764:show
1712956775118:add vvv vvv 555
1712956780176:show
1712956785229:clear
1712956806387:clean
1712956815489:add aaa aaa 11
1712956821549:add vv vvv 44
1712956824572:show
1712956829639:clean
1712956833683:show
1713020667627:add ss qq 22
1713022108361:add ss ss 11
1713022184274:add dd aa 11
1713024142894:add aaa aa 11
1713024214876:add qq qq 11
1713024330777:add dd dd 11
1713024517016:add ee ee 11
1713024571534:add dd dd 11
1713032308640:show
